<?xml version="1.0" encoding="UTF-8"?>
<!-- Generated by org.testng.reporters.JUnitReportReporter -->
<testsuite hostname="ALINEWAZ2538" failures="0" tests="1" name="testng1" time="0.017" errors="0" timestamp="2023-04-10T11:23:19 BOT" skipped="0">
  <testcase classname="testng1" name="school" time="0.017"/>
  <system-out/>
</testsuite> <!-- testng1 -->
